<?xml version="1.0" encoding="UTF-8"?>
<robot generator="Robot 4.0 (Python 3.9.1 on win32)" generated="20220311 09:54:56.732" rpa="false" schemaversion="2">
<suite id="s1" name="homeTest" source="C:\RobotFramework\projetoRobotCursoEmVideo\Tests\homeTest.robot">
<kw name="Start Session" library="base" type="SETUP">
<kw name="Open Browser" library="SeleniumLibrary">
<arg>about:blank</arg>
<arg>${BROWSER}</arg>
<doc>Opens a new browser instance to the optional ``url``.</doc>
<msg timestamp="20220311 09:54:56.961" level="INFO">Opening browser 'chrome' to base url 'about:blank'.</msg>
<status status="PASS" starttime="20220311 09:54:56.961" endtime="20220311 09:54:58.279"/>
</kw>
<kw name="Go To" library="SeleniumLibrary">
<arg>${BASE_URL}</arg>
<doc>Navigates the current browser window to the provided ``url``.</doc>
<msg timestamp="20220311 09:54:58.280" level="INFO">Opening url 'https://www.cursoemvideo.com'</msg>
<status status="PASS" starttime="20220311 09:54:58.280" endtime="20220311 09:55:03.927"/>
</kw>
<kw name="Set Window Size" library="SeleniumLibrary">
<arg>${WIDTH}</arg>
<arg>${HEIGHT}</arg>
<doc>Sets current windows size to given ``width`` and ``height``.</doc>
<status status="PASS" starttime="20220311 09:55:03.927" endtime="20220311 09:55:04.045"/>
</kw>
<kw name="Set Selenium Implicit Wait" library="SeleniumLibrary">
<arg>${TIMEOUT}</arg>
<doc>Sets the implicit wait value used by Selenium.</doc>
<status status="PASS" starttime="20220311 09:55:04.045" endtime="20220311 09:55:04.046"/>
</kw>
<kw name="Set Selenium Timeout" library="SeleniumLibrary">
<arg>${TIMEOUT}</arg>
<doc>Sets the timeout that is used by various keywords.</doc>
<status status="PASS" starttime="20220311 09:55:04.046" endtime="20220311 09:55:04.047"/>
</kw>
<kw name="accept cookie" library="commonPage">
<kw name="Click Element" library="SeleniumLibrary">
<arg>locator=${cookieAcceptButton}</arg>
<arg>modifier=False</arg>
<arg>action_chain=False</arg>
<doc>Click the element identified by ``locator``.</doc>
<msg timestamp="20220311 09:55:04.048" level="INFO">Clicking element 'id:cn-accept-cookie'.</msg>
<status status="PASS" starttime="20220311 09:55:04.047" endtime="20220311 09:55:04.092"/>
</kw>
<status status="PASS" starttime="20220311 09:55:04.047" endtime="20220311 09:55:04.092"/>
</kw>
<status status="PASS" starttime="20220311 09:54:56.960" endtime="20220311 09:55:04.092"/>
</kw>
<test id="s1-t1" name="Scenario2: check home page buttons">
<kw name="When clico no botão &quot;Quero ser um Apoiador!&quot;" library="commonPage" sourcename="clico no botão &quot;${buttonText}&quot;">
<kw name="Wait Until Element Is Visible" library="SeleniumLibrary">
<arg>locator=link:${buttonText}</arg>
<arg>timeout=None</arg>
<arg>error=None</arg>
<doc>Waits until the element ``locator`` is visible.</doc>
<status status="PASS" starttime="20220311 09:55:04.094" endtime="20220311 09:55:04.158"/>
</kw>
<kw name="Click Link" library="SeleniumLibrary">
<arg>link:${buttonText}</arg>
<arg>modifier=False</arg>
<doc>Clicks a link identified by ``locator``.</doc>
<msg timestamp="20220311 09:55:04.159" level="INFO">Clicking link 'link:Quero ser um Apoiador!'.</msg>
<status status="PASS" starttime="20220311 09:55:04.158" endtime="20220311 09:56:45.870"/>
</kw>
<status status="PASS" starttime="20220311 09:55:04.093" endtime="20220311 09:56:45.870"/>
</kw>
<kw name="Then sou encaminhado para a pagina &quot;Apoie&quot;" library="commonPage" sourcename="sou encaminhado para a pagina &quot;${text}&quot;">
<kw name="confirmo que o texto &quot;${text}&quot; esta presente" library="commonPage" sourcename="confirmo que o texto &quot;${text}&quot; esta presente">
<kw name="Wait Until Page Contains" library="SeleniumLibrary">
<arg>${text}</arg>
<arg>timeout=None</arg>
<arg>error=None</arg>
<doc>Waits until ``text`` appears on the current page.</doc>
<status status="PASS" starttime="20220311 09:56:45.874" endtime="20220311 09:56:45.899"/>
</kw>
<status status="PASS" starttime="20220311 09:56:45.873" endtime="20220311 09:56:45.899"/>
</kw>
<status status="PASS" starttime="20220311 09:56:45.872" endtime="20220311 09:56:45.899"/>
</kw>
<tag>doing</tag>
<status status="PASS" starttime="20220311 09:55:04.092" endtime="20220311 09:56:45.900"/>
</test>
<kw name="Finish Session" library="base" type="TEARDOWN">
<kw name="Capture Page Screenshot" library="SeleniumLibrary">
<doc>Takes a screenshot of the current page and embeds it into a log file.</doc>
<msg timestamp="20220311 09:56:46.188" level="INFO" html="true">&lt;/td&gt;&lt;/tr&gt;&lt;tr&gt;&lt;td colspan="3"&gt;&lt;a href="selenium-screenshot-33.png"&gt;&lt;img src="selenium-screenshot-33.png" width="800px"&gt;&lt;/a&gt;</msg>
<status status="PASS" starttime="20220311 09:56:45.902" endtime="20220311 09:56:46.188"/>
</kw>
<kw name="Close All Browsers" library="SeleniumLibrary">
<doc>Closes all open browsers and resets the browser cache.</doc>
<status status="PASS" starttime="20220311 09:56:46.189" endtime="20220311 09:56:48.400"/>
</kw>
<status status="PASS" starttime="20220311 09:56:45.902" endtime="20220311 09:56:48.400"/>
</kw>
<status status="PASS" starttime="20220311 09:54:56.733" endtime="20220311 09:56:48.400"/>
</suite>
<statistics>
<total>
<stat pass="1" fail="0" skip="0">All Tests</stat>
</total>
<tag>
<stat pass="1" fail="0" skip="0">doing</stat>
</tag>
<suite>
<stat pass="1" fail="0" skip="0" id="s1" name="homeTest">homeTest</stat>
</suite>
</statistics>
<errors>
<msg timestamp="20220311 09:54:56.956" level="WARN">Imported resource file 'C:\RobotFramework\projetoRobotCursoEmVideo\Resources\Pages\navigationPage.robot' is empty.</msg>
<msg timestamp="20220311 09:54:56.958" level="WARN">Imported resource file 'C:\RobotFramework\projetoRobotCursoEmVideo\Resources\Pages\cursosPage.robot' is empty.</msg>
</errors>
</robot>
