<?xml version="1.0" encoding="UTF-8"?>
<robot generator="Robot 4.0 (Python 3.9.1 on win32)" generated="20220331 10:53:13.625" rpa="false" schemaversion="2">
<suite id="s1" name="homeTest" source="C:\RobotFramework\projetoRobotCursoEmVideo\Tests\homeTest.robot">
<test id="s1-t1" name="Scenario1: Test home page">
<kw name="Start Session" library="base" type="SETUP">
<kw name="Open Browser" library="SeleniumLibrary">
<arg>about:blank</arg>
<arg>${BROWSER}</arg>
<doc>Opens a new browser instance to the optional ``url``.</doc>
<msg timestamp="20220331 10:53:14.053" level="INFO">Opening browser 'chrome' to base url 'about:blank'.</msg>
<status status="PASS" starttime="20220331 10:53:14.053" endtime="20220331 10:53:15.402"/>
</kw>
<kw name="Go To" library="SeleniumLibrary">
<arg>${BASE_URL}</arg>
<doc>Navigates the current browser window to the provided ``url``.</doc>
<msg timestamp="20220331 10:53:15.403" level="INFO">Opening url 'https://www.cursoemvideo.com'</msg>
<status status="PASS" starttime="20220331 10:53:15.402" endtime="20220331 10:53:39.606"/>
</kw>
<kw name="Set Window Size" library="SeleniumLibrary">
<arg>${WIDTH}</arg>
<arg>${HEIGHT}</arg>
<doc>Sets current windows size to given ``width`` and ``height``.</doc>
<status status="PASS" starttime="20220331 10:53:39.607" endtime="20220331 10:53:39.741"/>
</kw>
<kw name="Set Selenium Implicit Wait" library="SeleniumLibrary">
<arg>${TIMEOUT}</arg>
<doc>Sets the implicit wait value used by Selenium.</doc>
<status status="PASS" starttime="20220331 10:53:39.742" endtime="20220331 10:53:39.744"/>
</kw>
<kw name="Set Selenium Timeout" library="SeleniumLibrary">
<arg>${TIMEOUT}</arg>
<doc>Sets the timeout that is used by various keywords.</doc>
<status status="PASS" starttime="20220331 10:53:39.744" endtime="20220331 10:53:39.746"/>
</kw>
<kw name="Accept Cookie" library="commonPage">
<kw name="Click Element" library="SeleniumLibrary">
<arg>locator=${cookieAcceptButton}</arg>
<arg>modifier=False</arg>
<arg>action_chain=False</arg>
<doc>Click the element identified by ``locator``.</doc>
<msg timestamp="20220331 10:53:39.747" level="INFO">Clicking element 'id:cn-accept-cookie'.</msg>
<status status="PASS" starttime="20220331 10:53:39.746" endtime="20220331 10:53:39.805"/>
</kw>
<status status="PASS" starttime="20220331 10:53:39.746" endtime="20220331 10:53:39.806"/>
</kw>
<status status="PASS" starttime="20220331 10:53:14.052" endtime="20220331 10:53:39.806"/>
</kw>
<kw name="Then verifico se estou presente na Home Page" library="homePage">
<kw name="Wait Until Location Contains" library="SeleniumLibrary">
<arg>${BASE_URL}</arg>
<doc>Waits until the current URL contains ``expected``.</doc>
<status status="PASS" starttime="20220331 10:53:39.807" endtime="20220331 10:53:39.817"/>
</kw>
<kw name="Title Should Be" library="SeleniumLibrary">
<arg>Curso em Vídeo - Aprenda informática com cursos grátis.</arg>
<doc>Verifies that the current page title equals ``title``.</doc>
<msg timestamp="20220331 10:53:39.826" level="INFO">Page title is 'Curso em Vídeo - Aprenda informática com cursos grátis.'.</msg>
<status status="PASS" starttime="20220331 10:53:39.818" endtime="20220331 10:53:39.826"/>
</kw>
<status status="PASS" starttime="20220331 10:53:39.807" endtime="20220331 10:53:39.826"/>
</kw>
<kw name="And confirmo todos os itens da Home Page" library="homePage">
<kw name="And confirmo que o menu de navegação esta presente" library="commonPage">
<kw name="Wait Until Element Is Visible" library="SeleniumLibrary">
<arg>locator=${navigationMenu}</arg>
<arg>timeout=None</arg>
<arg>error=None</arg>
<doc>Waits until the element ``locator`` is visible.</doc>
<status status="PASS" starttime="20220331 10:53:39.828" endtime="20220331 10:53:39.862"/>
</kw>
<status status="PASS" starttime="20220331 10:53:39.828" endtime="20220331 10:53:39.863"/>
</kw>
<kw name="And confirmo que o rodape esta presente" library="commonPage">
<kw name="Wait Until Element Is Visible" library="SeleniumLibrary">
<arg>locator=${footer}</arg>
<arg>timeout=None</arg>
<arg>error=None</arg>
<doc>Waits until the element ``locator`` is visible.</doc>
<status status="PASS" starttime="20220331 10:53:39.864" endtime="20220331 10:53:39.893"/>
</kw>
<status status="PASS" starttime="20220331 10:53:39.863" endtime="20220331 10:53:39.893"/>
</kw>
<kw name="And confirmo que o texto &quot;Começar!&quot; esta presente" library="commonPage" sourcename="confirmo que o texto &quot;${text}&quot; esta presente">
<kw name="Wait Until Page Contains" library="SeleniumLibrary">
<arg>${text}</arg>
<arg>timeout=None</arg>
<arg>error=None</arg>
<doc>Waits until ``text`` appears on the current page.</doc>
<status status="PASS" starttime="20220331 10:53:39.894" endtime="20220331 10:53:39.918"/>
</kw>
<status status="PASS" starttime="20220331 10:53:39.893" endtime="20220331 10:53:39.918"/>
</kw>
<kw name="And verifico a area dos patrocinadores" library="homePage">
<kw name="Wait Until Element Is Visible" library="SeleniumLibrary">
<arg>locator=${sponsorsSession}</arg>
<arg>timeout=None</arg>
<arg>error=None</arg>
<doc>Waits until the element ``locator`` is visible.</doc>
<status status="PASS" starttime="20220331 10:53:39.919" endtime="20220331 10:53:39.942"/>
</kw>
<status status="PASS" starttime="20220331 10:53:39.918" endtime="20220331 10:53:39.942"/>
</kw>
<kw name="And verifico o botão &quot;Quero ser um Apoiador!&quot;" library="commonPage" sourcename="verifico o botão &quot;${buttonText}&quot;">
<kw name="Wait Until Element Is Visible" library="SeleniumLibrary">
<arg>locator=${button}\[aria-label='${buttonText}']</arg>
<arg>timeout=None</arg>
<arg>error=None</arg>
<doc>Waits until the element ``locator`` is visible.</doc>
<status status="PASS" starttime="20220331 10:53:39.943" endtime="20220331 10:53:39.968"/>
</kw>
<status status="PASS" starttime="20220331 10:53:39.942" endtime="20220331 10:53:39.968"/>
</kw>
<status status="PASS" starttime="20220331 10:53:39.827" endtime="20220331 10:53:39.969"/>
</kw>
<kw name="Finish Session" library="base" type="TEARDOWN">
<kw name="Capture Page Screenshot" library="SeleniumLibrary">
<doc>Takes a screenshot of the current page and embeds it into a log file.</doc>
<msg timestamp="20220331 10:53:40.458" level="INFO" html="true">&lt;/td&gt;&lt;/tr&gt;&lt;tr&gt;&lt;td colspan="3"&gt;&lt;a href="selenium-screenshot-3.png"&gt;&lt;img src="selenium-screenshot-3.png" width="800px"&gt;&lt;/a&gt;</msg>
<status status="PASS" starttime="20220331 10:53:39.970" endtime="20220331 10:53:40.458"/>
</kw>
<kw name="Close All Browsers" library="SeleniumLibrary">
<doc>Closes all open browsers and resets the browser cache.</doc>
<status status="PASS" starttime="20220331 10:53:40.459" endtime="20220331 10:53:42.635"/>
</kw>
<status status="PASS" starttime="20220331 10:53:39.969" endtime="20220331 10:53:42.635"/>
</kw>
<tag>Test</tag>
<status status="PASS" starttime="20220331 10:53:14.050" endtime="20220331 10:53:42.636"/>
</test>
<status status="PASS" starttime="20220331 10:53:13.626" endtime="20220331 10:53:42.638"/>
</suite>
<statistics>
<total>
<stat pass="1" fail="0" skip="0">All Tests</stat>
</total>
<tag>
<stat pass="1" fail="0" skip="0">Test</stat>
</tag>
<suite>
<stat pass="1" fail="0" skip="0" id="s1" name="homeTest">homeTest</stat>
</suite>
</statistics>
<errors>
<msg timestamp="20220331 10:53:14.045" level="WARN">Imported resource file 'C:\RobotFramework\projetoRobotCursoEmVideo\Resources\Pages\cursosPage.robot' is empty.</msg>
</errors>
</robot>
